{"C:\\Users\\HP\\OneDrive\\Desktop\\medical-patient-system\\backend\\src\\user\\user.service.ts": {"path":"C:\\Users\\HP\\OneDrive\\Desktop\\medical-patient-system\\backend\\src\\user\\user.service.ts","statementMap":{"0":{"start":{"line":1,"column":0},"end":{"line":1,"column":33}},"1":{"start":{"line":2,"column":0},"end":{"line":2,"column":31}},"2":{"start":{"line":3,"column":0},"end":{"line":3,"column":54}},"3":{"start":{"line":6,"column":33},"end":{"line":12,"column":1}},"4":{"start":{"line":7,"column":25},"end":{"line":7,"column":76}},"5":{"start":{"line":8,"column":4},"end":{"line":10,"column":5}},"6":{"start":{"line":9,"column":8},"end":{"line":9,"column":24}},"7":{"start":{"line":11,"column":4},"end":{"line":11,"column":16}},"8":{"start":{"line":6,"column":13},"end":{"line":6,"column":33}},"9":{"start":{"line":15,"column":31},"end":{"line":18,"column":1}},"10":{"start":{"line":16,"column":18},"end":{"line":16,"column":53}},"11":{"start":{"line":17,"column":4},"end":{"line":17,"column":17}},"12":{"start":{"line":15,"column":13},"end":{"line":15,"column":31}},"13":{"start":{"line":21,"column":34},"end":{"line":26,"column":1}},"14":{"start":{"line":22,"column":17},"end":{"line":24,"column":6}},"15":{"start":{"line":25,"column":4},"end":{"line":25,"column":16}},"16":{"start":{"line":21,"column":13},"end":{"line":21,"column":34}},"17":{"start":{"line":29,"column":33},"end":{"line":32,"column":1}},"18":{"start":{"line":30,"column":20},"end":{"line":30,"column":88}},"19":{"start":{"line":31,"column":4},"end":{"line":31,"column":19}},"20":{"start":{"line":29,"column":13},"end":{"line":29,"column":33}},"21":{"start":{"line":35,"column":33},"end":{"line":38,"column":1}},"22":{"start":{"line":36,"column":20},"end":{"line":36,"column":78}},"23":{"start":{"line":37,"column":4},"end":{"line":37,"column":19}},"24":{"start":{"line":35,"column":13},"end":{"line":35,"column":33}}},"fnMap":{"0":{"name":"(anonymous_1)","decl":{"start":{"line":6,"column":33},"end":{"line":6,"column":38}},"loc":{"start":{"line":6,"column":56},"end":{"line":12,"column":1}}},"1":{"name":"(anonymous_2)","decl":{"start":{"line":15,"column":31},"end":{"line":15,"column":36}},"loc":{"start":{"line":15,"column":42},"end":{"line":18,"column":1}}},"2":{"name":"(anonymous_3)","decl":{"start":{"line":21,"column":34},"end":{"line":21,"column":39}},"loc":{"start":{"line":21,"column":55},"end":{"line":26,"column":1}}},"3":{"name":"(anonymous_4)","decl":{"start":{"line":29,"column":33},"end":{"line":29,"column":38}},"loc":{"start":{"line":29,"column":68},"end":{"line":32,"column":1}}},"4":{"name":"(anonymous_5)","decl":{"start":{"line":35,"column":33},"end":{"line":35,"column":38}},"loc":{"start":{"line":35,"column":54},"end":{"line":38,"column":1}}}},"branchMap":{"0":{"loc":{"start":{"line":8,"column":4},"end":{"line":10,"column":5}},"type":"if","locations":[{"start":{"line":8,"column":4},"end":{"line":10,"column":5}},{"start":{},"end":{}}]}},"s":{"0":1,"1":1,"2":1,"3":1,"4":2,"5":2,"6":1,"7":1,"8":1,"9":1,"10":2,"11":2,"12":1,"13":1,"14":2,"15":2,"16":1,"17":1,"18":1,"19":1,"20":1,"21":1,"22":1,"23":1,"24":1},"f":{"0":2,"1":2,"2":2,"3":1,"4":1},"b":{"0":[1,1]}}
}
