{"C:\\Users\\HP\\OneDrive\\Desktop\\medical-patient-system\\backend\\src\\transaction\\transaction.controller.ts": {"path":"C:\\Users\\HP\\OneDrive\\Desktop\\medical-patient-system\\backend\\src\\transaction\\transaction.controller.ts","statementMap":{"0":{"start":{"line":2,"column":0},"end":{"line":2,"column":167}},"1":{"start":{"line":4,"column":43},"end":{"line":21,"column":1}},"2":{"start":{"line":5,"column":4},"end":{"line":20,"column":5}},"3":{"start":{"line":6,"column":28},"end":{"line":6,"column":36}},"4":{"start":{"line":7,"column":31},"end":{"line":7,"column":74}},"5":{"start":{"line":8,"column":8},"end":{"line":17,"column":9}},"6":{"start":{"line":9,"column":12},"end":{"line":12,"column":15}},"7":{"start":{"line":14,"column":12},"end":{"line":16,"column":15}},"8":{"start":{"line":19,"column":8},"end":{"line":19,"column":null}},"9":{"start":{"line":4,"column":13},"end":{"line":4,"column":43}},"10":{"start":{"line":23,"column":40},"end":{"line":30,"column":1}},"11":{"start":{"line":24,"column":4},"end":{"line":29,"column":5}},"12":{"start":{"line":25,"column":29},"end":{"line":25,"column":58}},"13":{"start":{"line":26,"column":8},"end":{"line":26,"column":43}},"14":{"start":{"line":28,"column":8},"end":{"line":28,"column":null}},"15":{"start":{"line":23,"column":13},"end":{"line":23,"column":40}},"16":{"start":{"line":32,"column":44},"end":{"line":47,"column":1}},"17":{"start":{"line":33,"column":4},"end":{"line":46,"column":5}},"18":{"start":{"line":34,"column":30},"end":{"line":34,"column":64}},"19":{"start":{"line":35,"column":8},"end":{"line":37,"column":9}},"20":{"start":{"line":36,"column":12},"end":{"line":36,"column":77}},"21":{"start":{"line":38,"column":28},"end":{"line":38,"column":74}},"22":{"start":{"line":39,"column":8},"end":{"line":43,"column":9}},"23":{"start":{"line":40,"column":12},"end":{"line":40,"column":46}},"24":{"start":{"line":42,"column":12},"end":{"line":42,"column":69}},"25":{"start":{"line":45,"column":8},"end":{"line":45,"column":null}},"26":{"start":{"line":32,"column":13},"end":{"line":32,"column":44}},"27":{"start":{"line":49,"column":43},"end":{"line":68,"column":1}},"28":{"start":{"line":50,"column":4},"end":{"line":67,"column":5}},"29":{"start":{"line":51,"column":30},"end":{"line":51,"column":64}},"30":{"start":{"line":52,"column":8},"end":{"line":54,"column":9}},"31":{"start":{"line":53,"column":12},"end":{"line":53,"column":77}},"32":{"start":{"line":55,"column":28},"end":{"line":55,"column":36}},"33":{"start":{"line":56,"column":35},"end":{"line":56,"column":93}},"34":{"start":{"line":57,"column":8},"end":{"line":64,"column":9}},"35":{"start":{"line":58,"column":12},"end":{"line":61,"column":15}},"36":{"start":{"line":63,"column":12},"end":{"line":63,"column":69}},"37":{"start":{"line":66,"column":8},"end":{"line":66,"column":null}},"38":{"start":{"line":49,"column":13},"end":{"line":49,"column":43}},"39":{"start":{"line":70,"column":43},"end":{"line":85,"column":1}},"40":{"start":{"line":71,"column":4},"end":{"line":84,"column":5}},"41":{"start":{"line":72,"column":30},"end":{"line":72,"column":64}},"42":{"start":{"line":73,"column":8},"end":{"line":75,"column":9}},"43":{"start":{"line":74,"column":12},"end":{"line":74,"column":77}},"44":{"start":{"line":76,"column":36},"end":{"line":76,"column":82}},"45":{"start":{"line":77,"column":8},"end":{"line":79,"column":9}},"46":{"start":{"line":78,"column":12},"end":{"line":78,"column":76}},"47":{"start":{"line":80,"column":8},"end":{"line":80,"column":54}},"48":{"start":{"line":81,"column":8},"end":{"line":81,"column":85}},"49":{"start":{"line":83,"column":8},"end":{"line":83,"column":null}},"50":{"start":{"line":70,"column":13},"end":{"line":70,"column":43}}},"fnMap":{"0":{"name":"(anonymous_0)","decl":{"start":{"line":4,"column":43},"end":{"line":4,"column":48}},"loc":{"start":{"line":4,"column":81},"end":{"line":21,"column":1}}},"1":{"name":"(anonymous_1)","decl":{"start":{"line":23,"column":40},"end":{"line":23,"column":45}},"loc":{"start":{"line":23,"column":78},"end":{"line":30,"column":1}}},"2":{"name":"(anonymous_2)","decl":{"start":{"line":32,"column":44},"end":{"line":32,"column":49}},"loc":{"start":{"line":32,"column":82},"end":{"line":47,"column":1}}},"3":{"name":"(anonymous_3)","decl":{"start":{"line":49,"column":43},"end":{"line":49,"column":48}},"loc":{"start":{"line":49,"column":81},"end":{"line":68,"column":1}}},"4":{"name":"(anonymous_4)","decl":{"start":{"line":70,"column":43},"end":{"line":70,"column":48}},"loc":{"start":{"line":70,"column":81},"end":{"line":85,"column":1}}}},"branchMap":{"0":{"loc":{"start":{"line":8,"column":8},"end":{"line":17,"column":9}},"type":"if","locations":[{"start":{"line":8,"column":8},"end":{"line":17,"column":9}},{"start":{"line":13,"column":15},"end":{"line":17,"column":9}}]},"1":{"loc":{"start":{"line":35,"column":8},"end":{"line":37,"column":9}},"type":"if","locations":[{"start":{"line":35,"column":8},"end":{"line":37,"column":9}},{"start":{},"end":{}}]},"2":{"loc":{"start":{"line":39,"column":8},"end":{"line":43,"column":9}},"type":"if","locations":[{"start":{"line":39,"column":8},"end":{"line":43,"column":9}},{"start":{"line":41,"column":15},"end":{"line":43,"column":9}}]},"3":{"loc":{"start":{"line":52,"column":8},"end":{"line":54,"column":9}},"type":"if","locations":[{"start":{"line":52,"column":8},"end":{"line":54,"column":9}},{"start":{},"end":{}}]},"4":{"loc":{"start":{"line":57,"column":8},"end":{"line":64,"column":9}},"type":"if","locations":[{"start":{"line":57,"column":8},"end":{"line":64,"column":9}},{"start":{"line":62,"column":15},"end":{"line":64,"column":9}}]},"5":{"loc":{"start":{"line":73,"column":8},"end":{"line":75,"column":9}},"type":"if","locations":[{"start":{"line":73,"column":8},"end":{"line":75,"column":9}},{"start":{},"end":{}}]},"6":{"loc":{"start":{"line":77,"column":8},"end":{"line":79,"column":9}},"type":"if","locations":[{"start":{"line":77,"column":8},"end":{"line":79,"column":9}},{"start":{},"end":{}}]}},"s":{"0":1,"1":1,"2":3,"3":3,"4":3,"5":2,"6":1,"7":1,"8":1,"9":1,"10":1,"11":2,"12":2,"13":1,"14":1,"15":1,"16":1,"17":4,"18":4,"19":4,"20":1,"21":3,"22":3,"23":1,"24":2,"25":0,"26":1,"27":1,"28":4,"29":4,"30":4,"31":1,"32":3,"33":3,"34":3,"35":1,"36":2,"37":0,"38":1,"39":1,"40":4,"41":4,"42":4,"43":1,"44":3,"45":3,"46":1,"47":2,"48":1,"49":1,"50":1},"f":{"0":3,"1":2,"2":4,"3":4,"4":4},"b":{"0":[1,1],"1":[1,3],"2":[1,2],"3":[1,3],"4":[1,2],"5":[1,3],"6":[1,2]}}
,"C:\\Users\\HP\\OneDrive\\Desktop\\medical-patient-system\\backend\\src\\transaction\\transaction.service.ts": {"path":"C:\\Users\\HP\\OneDrive\\Desktop\\medical-patient-system\\backend\\src\\transaction\\transaction.service.ts","statementMap":{"0":{"start":{"line":1,"column":0},"end":{"line":1,"column":33}},"1":{"start":{"line":2,"column":0},"end":{"line":2,"column":31}},"2":{"start":{"line":3,"column":0},"end":{"line":3,"column":68}},"3":{"start":{"line":5,"column":40},"end":{"line":11,"column":1}},"4":{"start":{"line":6,"column":25},"end":{"line":6,"column":90}},"5":{"start":{"line":7,"column":4},"end":{"line":9,"column":5}},"6":{"start":{"line":8,"column":8},"end":{"line":8,"column":24}},"7":{"start":{"line":10,"column":4},"end":{"line":10,"column":16}},"8":{"start":{"line":5,"column":13},"end":{"line":5,"column":40}},"9":{"start":{"line":14,"column":37},"end":{"line":17,"column":1}},"10":{"start":{"line":15,"column":25},"end":{"line":15,"column":67}},"11":{"start":{"line":16,"column":4},"end":{"line":16,"column":24}},"12":{"start":{"line":14,"column":13},"end":{"line":14,"column":37}},"13":{"start":{"line":20,"column":41},"end":{"line":25,"column":1}},"14":{"start":{"line":21,"column":24},"end":{"line":23,"column":6}},"15":{"start":{"line":24,"column":4},"end":{"line":24,"column":23}},"16":{"start":{"line":20,"column":13},"end":{"line":20,"column":41}},"17":{"start":{"line":28,"column":40},"end":{"line":31,"column":1}},"18":{"start":{"line":29,"column":20},"end":{"line":29,"column":128}},"19":{"start":{"line":30,"column":4},"end":{"line":30,"column":19}},"20":{"start":{"line":28,"column":13},"end":{"line":28,"column":40}},"21":{"start":{"line":34,"column":40},"end":{"line":37,"column":1}},"22":{"start":{"line":35,"column":20},"end":{"line":35,"column":111}},"23":{"start":{"line":36,"column":4},"end":{"line":36,"column":19}},"24":{"start":{"line":34,"column":13},"end":{"line":34,"column":40}}},"fnMap":{"0":{"name":"(anonymous_1)","decl":{"start":{"line":5,"column":40},"end":{"line":5,"column":45}},"loc":{"start":{"line":5,"column":77},"end":{"line":11,"column":1}}},"1":{"name":"(anonymous_2)","decl":{"start":{"line":14,"column":37},"end":{"line":14,"column":42}},"loc":{"start":{"line":14,"column":48},"end":{"line":17,"column":1}}},"2":{"name":"(anonymous_3)","decl":{"start":{"line":20,"column":41},"end":{"line":20,"column":46}},"loc":{"start":{"line":20,"column":62},"end":{"line":25,"column":1}}},"3":{"name":"(anonymous_4)","decl":{"start":{"line":28,"column":40},"end":{"line":28,"column":45}},"loc":{"start":{"line":28,"column":89},"end":{"line":31,"column":1}}},"4":{"name":"(anonymous_5)","decl":{"start":{"line":34,"column":40},"end":{"line":34,"column":45}},"loc":{"start":{"line":34,"column":61},"end":{"line":37,"column":1}}}},"branchMap":{"0":{"loc":{"start":{"line":7,"column":4},"end":{"line":9,"column":5}},"type":"if","locations":[{"start":{"line":7,"column":4},"end":{"line":9,"column":5}},{"start":{},"end":{}}]}},"s":{"0":1,"1":1,"2":1,"3":1,"4":0,"5":0,"6":0,"7":0,"8":1,"9":1,"10":0,"11":0,"12":1,"13":1,"14":0,"15":0,"16":1,"17":1,"18":0,"19":0,"20":1,"21":1,"22":0,"23":0,"24":1},"f":{"0":0,"1":0,"2":0,"3":0,"4":0},"b":{"0":[0,0]}}
}
