TN:
SF:src\auth\auth.service.ts
FN:9,(anonymous_1)
FN:34,(anonymous_2)
FN:65,(anonymous_3)
FN:66,(anonymous_4)
FN:85,(anonymous_5)
FNF:5
FNH:5
FNDA:1,(anonymous_1)
FNDA:1,(anonymous_2)
FNDA:3,(anonymous_3)
FNDA:3,(anonymous_4)
FNDA:2,(anonymous_5)
DA:1,1
DA:2,1
DA:3,1
DA:4,1
DA:5,1
DA:6,1
DA:7,1
DA:9,1
DA:10,1
DA:12,1
DA:13,1
DA:20,1
DA:21,1
DA:22,0
DA:25,1
DA:27,1
DA:29,1
DA:30,1
DA:34,1
DA:35,1
DA:38,1
DA:40,1
DA:48,1
DA:49,1
DA:50,0
DA:53,1
DA:58,1
DA:59,1
DA:61,1
DA:65,1
DA:66,3
DA:67,3
DA:68,1
DA:70,2
DA:71,2
DA:74,2
DA:75,1
DA:78,1
DA:82,1
DA:85,1
DA:87,2
DA:91,2
DA:92,1
DA:94,1
DA:97,1
LF:45
LH:43
BRDA:16,0,0,1
BRDA:16,0,1,0
BRDA:21,1,0,0
BRDA:21,1,1,1
BRDA:49,2,0,0
BRDA:49,2,1,1
BRDA:67,3,0,1
BRDA:67,3,1,2
BRDA:74,4,0,1
BRDA:74,4,1,1
BRDA:91,5,0,1
BRDA:91,5,1,1
BRF:12
BRH:9
end_of_record
